\BOOKMARK [0][-]{section*.2}{\376\377\004\036\004\061\004\112\004\065\004\074\004\075\004\060\004\117\000\040\004\063\004\076\004\073\004\076\004\063\004\100\004\060\004\074\004\074\004\060}{}% 2
\BOOKMARK [1][-]{section*.1}{\376\377\004\020\004\075\004\075\004\076\004\102\004\060\004\106\004\070\004\117}{section*.2}% 1
\BOOKMARK [1][-]{section*.3}{\376\377\004\022\004\062\004\065\004\064\004\065\004\075\004\070\004\065}{section*.2}% 3
\BOOKMARK [1][-]{section*.4}{\376\377\004\046\004\065\004\073\004\070\000\040\004\070\000\040\004\067\004\060\004\064\004\060\004\107\004\070}{section*.2}% 4
\BOOKMARK [1][-]{section*.5}{\376\377\004\022\004\062\004\065\004\064\004\065\004\075\004\070\004\065}{section*.2}% 5
\BOOKMARK [1][-]{section*.6}{\376\377\004\042\004\065\004\076\004\100\004\065\004\102\004\070\004\107\004\065\004\101\004\072\004\060\004\117\000\040\004\101\004\077\004\100\004\060\004\062\004\072\004\060}{section*.2}% 6
\BOOKMARK [2][-]{section*.7}{\376\377\004\044\004\070\004\067\004\070\004\107\004\065\004\101\004\072\004\070\004\065\000\040\004\077\004\100\004\070\004\075\004\106\004\070\004\077\004\113}{section*.6}% 7
\BOOKMARK [2][-]{section*.8}{\376\377\004\022\004\076\004\101\004\101\004\102\004\060\004\075\004\076\004\062\004\073\004\065\004\075\004\070\004\065\000\040\004\070\004\067\004\076\004\061\004\100\004\060\004\066\004\065\004\075\004\070\004\117}{section*.6}% 8
\BOOKMARK [2][-]{section*.9}{\376\377\004\023\004\076\004\073\004\076\004\063\004\100\004\060\004\074\004\074\004\060\000\040\004\102\004\076\004\107\004\065\004\107\004\075\004\076\004\063\004\076\000\040\004\070\004\101\004\102\004\076\004\107\004\075\004\070\004\072\004\060\000\040\000\050\004\023\004\060\004\061\004\076\004\100\000\051}{section*.6}% 9
\BOOKMARK [2][-]{section*.10}{\376\377\004\034\004\065\004\102\004\076\004\064\000\040\004\024\004\065\004\075\004\070\004\101\004\116\004\072\004\060\000\040\000\050\004\076\004\061\004\112\004\121\004\074\004\075\004\113\004\065\000\040\004\063\004\076\004\073\004\076\004\063\004\100\004\060\004\074\004\074\004\113\000\051}{section*.6}% 10
\BOOKMARK [2][-]{section*.11}{\376\377\004\040\004\060\004\067\004\100\004\065\004\110\004\060\004\116\004\111\004\060\004\117\000\040\004\101\004\077\004\076\004\101\004\076\004\061\004\075\004\076\004\101\004\102\004\114\000\040\004\070\000\040\004\100\004\060\004\067\004\074\004\065\004\100\000\040\004\063\004\076\004\073\004\076\004\063\004\100\004\060\004\074\004\074\004\113}{section*.6}% 11
\BOOKMARK [1][-]{section*.12}{\376\377\004\055\004\072\004\101\004\077\004\065\004\100\004\070\004\074\004\065\004\075\004\102\004\060\004\073\004\114\004\075\004\060\004\117\000\040\004\074\004\065\004\102\004\076\004\064\004\070\004\072\004\060}{section*.2}% 12
\BOOKMARK [1][-]{section*.13}{\376\377\004\040\004\065\004\067\004\103\004\073\004\114\004\102\004\060\004\102\004\113}{section*.2}% 13
\BOOKMARK [1][-]{section*.14}{\376\377\004\036\004\077\004\070\004\101\004\060\004\075\004\070\004\065\000\040\004\100\004\065\004\060\004\073\004\070\004\067\004\060\004\106\004\070\004\070\000\040\004\101\004\070\004\074\004\103\004\073\004\117\004\106\004\070\004\070\000\040}{section*.2}% 14
\BOOKMARK [2][-]{section*.15}{\376\377\004\020\004\100\004\105\004\070\004\102\004\065\004\072\004\102\004\103\004\100\004\060\000\040\004\077\004\100\004\076\004\065\004\072\004\102\004\060\000\040}{section*.14}% 15
\BOOKMARK [2][-]{section*.16}{\376\377\004\055\004\102\004\060\004\077\004\113\000\040\004\100\004\060\004\061\004\076\004\102\004\113}{section*.14}% 16
\BOOKMARK [2][-]{section*.17}{\376\377\004\040\004\065\004\067\004\103\004\073\004\114\004\102\004\060\004\102\004\113\000\040\004\074\004\076\004\064\004\065\004\073\004\070\004\100\004\076\004\062\004\060\004\075\004\070\004\117}{section*.14}% 17
\BOOKMARK [1][-]{section*.18}{\376\377\004\036\004\061\004\101\004\103\004\066\004\064\004\065\004\075\004\070\004\065\000\040\004\100\004\065\004\067\004\103\004\073\004\114\004\102\004\060\004\102\004\076\004\062}{section*.2}% 18
\BOOKMARK [1][-]{section*.19}{\376\377\000\040\004\030\004\102\004\076\004\063\004\070\000\040\004\070\000\040\004\062\004\113\004\062\004\076\004\064\004\113\000\040}{section*.2}% 19
\BOOKMARK [1][-]{section*.20}{\376\377\004\041\004\101\004\113\004\073\004\072\004\070\000\040\004\075\004\060\000\040\004\073\004\070\004\102\004\065\004\100\004\060\004\102\004\103\004\100\004\103}{section*.2}% 20
\BOOKMARK [1][-]{section*.21}{\376\377\004\021\004\073\004\060\004\063\004\076\004\064\004\060\004\100\004\075\004\076\004\101\004\102\004\070}{section*.2}% 21
\BOOKMARK [1][-]{section*.22}{\376\377\004\037\004\100\004\070\004\073\004\076\004\066\004\065\004\075\004\070\004\117}{section*.2}% 22
